/*C1*/SET SCHEMA SYSTEM_LOBS
INSERT INTO BLOCKS VALUES(0,2147483647,0)
COMMIT
/*C3*/SET SCHEMA PUBLIC
drop table USER if exists
create table USER (USER_ID integer generated by default as identity (start with 1), description clob, ADDRESS_CITY varchar(255), ADDRESS_PINCODE varchar(255), ADDRESS_STATE varchar(255), ADDRESS_STREE varchar(255), joinedDate date, OFFICE_CITY_NAME varchar(255), OFFICE_PINCODE_NAME varchar(255), OFFICE_STATE_NAME varchar(255), OFFICE_STREET_NAME varchar(255), USER_NAME varchar(255), primary key (USER_ID))
/*C1*/INSERT INTO LOB_IDS VALUES(1,18,0,40)
COMMIT
ALTER SEQUENCE SYSTEM_LOBS.LOB_ID RESTART WITH 2
DELETE FROM BLOCKS WHERE BLOCK_ADDR=0
INSERT INTO BLOCKS VALUES(0,1,0)
INSERT INTO BLOCKS VALUES(1,2147483646,0)
DELETE FROM BLOCKS WHERE BLOCK_ADDR=0
INSERT INTO LOBS VALUES(0,1,0,1)
COMMIT
INSERT INTO LOB_IDS VALUES(2,18,0,40)
COMMIT
ALTER SEQUENCE SYSTEM_LOBS.LOB_ID RESTART WITH 3
DELETE FROM BLOCKS WHERE BLOCK_ADDR=1
INSERT INTO BLOCKS VALUES(1,1,0)
INSERT INTO BLOCKS VALUES(2,2147483645,0)
DELETE FROM BLOCKS WHERE BLOCK_ADDR=1
INSERT INTO LOBS VALUES(1,1,0,2)
COMMIT
/*C3*/INSERT INTO USER VALUES(1,1,'City 1','Pincode 1','State 1','Street 1','2015-10-06','City 1','Pincode 1','State 1','Street 1','First User 1')
INSERT INTO USER VALUES(2,2,'City 2','Pincode 2','State 2','Street 2','2015-10-06','City 2','Pincode 2','State 2','Street 2','First User 2')
SET SCHEMA SYSTEM_LOBS
DELETE FROM LOB_IDS WHERE LOB_ID=1
INSERT INTO LOB_IDS VALUES(1,18,1,40)
DELETE FROM LOB_IDS WHERE LOB_ID=2
INSERT INTO LOB_IDS VALUES(2,18,1,40)
COMMIT
SET SCHEMA PUBLIC
DISCONNECT
